[debug] [2023-05-28T04:41:54.328Z] ----------------------------------------------------------------------
[debug] [2023-05-28T04:41:54.331Z] Command:       C:\Program Files\nodejs\node.exe C:\Users\ranji\AppData\Roaming\npm\node_modules\firebase-tools\lib\bin\firebase.js init
[debug] [2023-05-28T04:41:54.331Z] CLI Version:   12.2.1
[debug] [2023-05-28T04:41:54.332Z] Platform:      win32
[debug] [2023-05-28T04:41:54.332Z] Node Version:  v18.16.0
[debug] [2023-05-28T04:41:54.333Z] Time:          Sun May 28 2023 10:11:54 GMT+0530 (India Standard Time)
[debug] [2023-05-28T04:41:54.333Z] ----------------------------------------------------------------------
[debug] 
[debug] [2023-05-28T04:41:54.430Z] > command requires scopes: ["email","openid","https://www.googleapis.com/auth/cloudplatformprojects.readonly","https://www.googleapis.com/auth/firebase","https://www.googleapis.com/auth/cloud-platform"]
[debug] [2023-05-28T04:41:54.431Z] > authorizing via signed-in user (ranjit.j.2020.cse@ritchennai.edu.in)
[info] 
     ######## #### ########  ######## ########     ###     ######  ########
     ##        ##  ##     ## ##       ##     ##  ##   ##  ##       ##
     ######    ##  ########  ######   ########  #########  ######  ######
     ##        ##  ##    ##  ##       ##     ## ##     ##       ## ##
     ##       #### ##     ## ######## ########  ##     ##  ######  ########

You're about to initialize a Firebase project in this directory:

  C:\Users\ranji\OneDrive\Desktop\tourindia-master

Before we get started, keep in mind:

  * You are initializing within an existing Firebase project directory

